
// File generated by darts version R-2020.09#506a3c766d#210520, Wed Sep  1 02:57:43 2021
// Copyright 2014-2020 Synopsys, Inc. All rights reserved.
// darts -I/proj/xbuilds/SWIP/2021.1_0610_2318/installs/lin64/Vitis/2021.1/aietools/data/versal_prod/lib -d -h -I/proj/xbuilds/SWIP/2021.1_0610_2318/installs/lin64/Vitis/2021.1/aietools/data/versal_prod/lib/runtime_cxx/libcxx-lite/include -I/proj/xbuilds/SWIP/2021.1_0610_2318/installs/lin64/Vitis/2021.1/aietools/data/versal_prod/lib/runtime_cxx/libs/libcxx-9.0.0/include-lite -I/proj/xbuilds/SWIP/2021.1_0610_2318/installs/lin64/Vitis/2021.1/aietools/data/versal_prod/lib/runtime/include -L +Ihex +nanno out.o me

// Release: ipp R-2020.09-TGT-210520
.undef global data _ZN12me_primitive3ss0E


.undef global data _ZN12me_primitive3ms0E


.undef global data _ZN12me_primitive4sst0E


.undef global data _ZN12me_primitive4ssc0E


.undef global data _ZN12me_primitive5wsst0E


.undef global data _ZN12me_primitive4msc0E


.undef global data _ZN12me_primitive3ss1E


.undef global data _ZN12me_primitive3ms1E


.undef global data _ZN12me_primitive4sst1E


.undef global data _ZN12me_primitive4ssc1E


.undef global data _ZN12me_primitive5wsst1E


.undef global data _ZN12me_primitive4msc1E


.undef global data ZERO

.undef global data ONES

.undef global data __chess_separator_dummy

.undef global data __chess_separator_idummy

.text_segment_name
.text global 16 _ZN9acap_intr10get_coreidEv
.function_start
	     0    0x01 0x01                                                                        RET lr
.delay_slot
	     2    0x01 0x09                                                                        MOV r0, core_id
.delay_slot
.swstall delay_slot
	     4    0x00 0x01                                                                        NOP
.delay_slot
.swstall delay_slot
	     6    0x00 0x01                                                                        NOP
.delay_slot
.swstall delay_slot
	     8    0x00 0x01                                                                        NOP
.label _ZN9acap_intr10get_coreidEv__end last
.delay_slot
.swstall delay_slot
	    10    0x00 0x01                                                                        NOP

.text_segment_name
.text global 10 _ZN9acap_intr12memory_fenceEv
.function_start
	     0    0x01 0x01                                                                        RET lr
.delay_slot
.swstall delay_slot
	     2    0x00 0x01                                                                        NOP
.delay_slot
.swstall delay_slot
	     4    0x00 0x01                                                                        NOP
.delay_slot
.swstall delay_slot
	     6    0x00 0x01                                                                        NOP
.delay_slot
.swstall delay_slot
	     8    0x00 0x01                                                                        NOP
.label _ZN9acap_intr12memory_fenceEv__end last
.delay_slot
.swstall delay_slot
	    10    0x00 0x01                                                                        NOP

.text_segment_name
.text global 10 _ZN9acap_intr19separator_schedulerEv
.function_start
	     0    0x01 0x01                                                                        RET lr
.delay_slot
.swstall delay_slot
	     2    0x00 0x01                                                                        NOP
.delay_slot
.swstall delay_slot
	     4    0x00 0x01                                                                        NOP
.delay_slot
.swstall delay_slot
	     6    0x00 0x01                                                                        NOP
.delay_slot
.swstall delay_slot
	     8    0x00 0x01                                                                        NOP
.label _ZN9acap_intr19separator_schedulerEv__end last
.delay_slot
.swstall delay_slot
	    10    0x00 0x01                                                                        NOP

.text_segment_name
.text global 10 _ZN9acap_intr7acquireEjj
.function_start
	     0    0x14 0x76 0x30 0x03                                                              NOP;                                                                  ACQ r6, #1, r7
	     4    0x01 0x01                                                                        RET lr
.delay_slot
.swstall delay_slot
	     6    0x00 0x01                                                                        NOP
.delay_slot
.swstall delay_slot
	     8    0x00 0x01                                                                        NOP
.delay_slot
.swstall delay_slot
	    10    0x00 0x01                                                                        NOP
.delay_slot
.swstall delay_slot
	    12    0x00 0x01                                                                        NOP
.label _ZN9acap_intr7acquireEjj__end last
.delay_slot
.swstall delay_slot
	    14    0x00 0x01                                                                        NOP

.text_segment_name
.text global 10 _ZN9acap_intr7releaseEjj
.function_start
	     0    0x00 0x01                                                                        NOP
	     2    0x00 0x01                                                                        NOP
	     4    0x00 0x01                                                                        NOP
	     6    0x00 0x01                                                                        NOP
	     8    0x00 0x01                                                                        NOP
	    10    0x00 0x01                                                                        NOP
	    12    0x16 0x76 0x30 0x03                                                              NOP;                                                                  REL r6, #1, r7
	    16    0x01 0x01                                                                        RET lr
.delay_slot
.swstall delay_slot
	    18    0x00 0x01                                                                        NOP
.delay_slot
.swstall delay_slot
	    20    0x00 0x01                                                                        NOP
.delay_slot
.swstall delay_slot
	    22    0x00 0x01                                                                        NOP
.delay_slot
.swstall delay_slot
	    24    0x00 0x01                                                                        NOP
.label _ZN9acap_intr7releaseEjj__end last
.delay_slot
.swstall delay_slot
	    26    0x00 0x01                                                                        NOP

.text_segment_name
.text global 10 _ZN9acap_intr7acquireEj
.function_start
	     0    0x14 0x06 0x20 0x03                                                              NOP;                                                                  ACQ r6, #0, r0
	     4    0x01 0x01                                                                        RET lr
.delay_slot
.swstall delay_slot
	     6    0x00 0x01                                                                        NOP
.delay_slot
.swstall delay_slot
	     8    0x00 0x01                                                                        NOP
.delay_slot
.swstall delay_slot
	    10    0x00 0x01                                                                        NOP
.delay_slot
.swstall delay_slot
	    12    0x00 0x01                                                                        NOP
.label _ZN9acap_intr7acquireEj__end last
.delay_slot
.swstall delay_slot
	    14    0x00 0x01                                                                        NOP

.text_segment_name
.text global 10 _ZN9acap_intr7releaseEj
.function_start
	     0    0x00 0x01                                                                        NOP
	     2    0x00 0x01                                                                        NOP
	     4    0x00 0x01                                                                        NOP
	     6    0x00 0x01                                                                        NOP
	     8    0x00 0x01                                                                        NOP
	    10    0x00 0x01                                                                        NOP
	    12    0x16 0x06 0x20 0x03                                                              NOP;                                                                  REL r6, #0, r0
	    16    0x01 0x01                                                                        RET lr
.delay_slot
.swstall delay_slot
	    18    0x00 0x01                                                                        NOP
.delay_slot
.swstall delay_slot
	    20    0x00 0x01                                                                        NOP
.delay_slot
.swstall delay_slot
	    22    0x00 0x01                                                                        NOP
.delay_slot
.swstall delay_slot
	    24    0x00 0x01                                                                        NOP
.label _ZN9acap_intr7releaseEj__end last
.delay_slot
.swstall delay_slot
	    26    0x00 0x01                                                                        NOP

.text_segment_name
.text global 10 _ZN9acap_intr9core_doneEv
.function_start
.swstall chess_separator_scheduler
	     0    0x00 0x01                                                                        NOP
.swstall chess_separator_scheduler
	     2    0x00 0x01                                                                        NOP
.swstall chess_separator_scheduler
	     4    0x00 0x01                                                                        NOP
.swstall chess_separator_scheduler
	     6    0x00 0x01                                                                        NOP
.swstall chess_separator_scheduler
	     8    0x00 0x01                                                                        NOP
.swstall chess_separator_scheduler
	    10    0x00 0x01                                                                        NOP
.swstall chess_separator_scheduler
	    12    0x00 0x01                                                                        NOP
.swstall chess_separator_scheduler
	    14    0x00 0x01                                                                        NOP
	    16    0x04 0x00 0x20 0x03                                                              NOP;                                                                  EVENT #2
.swstall chess_separator_scheduler
	    20    0x00 0x01                                                                        NOP
.swstall chess_separator_scheduler
	    22    0x00 0x01                                                                        NOP
.swstall chess_separator_scheduler
	    24    0x00 0x01                                                                        NOP
.swstall chess_separator_scheduler
	    26    0x00 0x01                                                                        NOP
.swstall chess_separator_scheduler
	    28    0x00 0x01                                                                        NOP
	    30    0x01 0x01                                                                        RET lr
.delay_slot
.swstall delay_slot
	    32    0x00 0x01                                                                        NOP
.delay_slot
.swstall delay_slot
	    34    0x00 0x01                                                                        NOP
.delay_slot
.swstall delay_slot
	    36    0x00 0x01                                                                        NOP
.delay_slot
.swstall delay_slot
	    38    0x00 0x01                                                                        NOP
.label _ZN9acap_intr9core_doneEv__end last
.delay_slot
.swstall delay_slot
	    40    0x00 0x01                                                                        NOP

